<?xml version="1.0" encoding="UTF-8"?>
<testsuite name="com.demowebshop.tests.HomePageTests$homePageTests" tests="1" skipped="0" failures="0" errors="0" timestamp="2026-01-30T13:36:37.854Z" hostname="VITROM" time="3.677">
  <properties/>
  <testcase name="isHomeComponentPresentTests" classname="com.demowebshop.tests.HomePageTests$homePageTests" time="0.029"/>
  <system-out><![CDATA[14:36:39.421 [Test worker] ?[34mINFO ?[0;39m i.g.bonigarcia.wdm.WebDriverManager -- Using chromedriver 144.0.7559.109 (resolved driver for Chrome 144)
14:36:39.431 [Test worker] ?[34mINFO ?[0;39m i.g.bonigarcia.wdm.WebDriverManager -- Exporting webdriver.chrome.driver as C:\Users\vitro\.cache\selenium\chromedriver\win64\144.0.7559.109\chromedriver.exe
14:36:41.500 [Test worker] ?[34mINFO ?[0;39m com.demowebshop.core.TestBase -- Start test isHomeComponentPresentTests 
14:36:41.537 [Test worker] ?[34mINFO ?[0;39m com.demowebshop.core.TestBase -- PASSED: isHomeComponentPresentTests
14:36:41.537 [Test worker] ?[34mINFO ?[0;39m com.demowebshop.core.TestBase -- Stop Test
14:36:41.538 [Test worker] ?[34mINFO ?[0;39m com.demowebshop.core.TestBase -- ======================================
]]></system-out>
  <system-err><![CDATA[]]></system-err>
</testsuite>
